<?xml version="1.0" encoding="UTF-8"?>
<coverage generated="1732924450351" clover="3.2.0">
  <project timestamp="1732924450351" name="All files">
    <metrics statements="187" coveredstatements="171" conditionals="62" coveredconditionals="54" methods="39" coveredmethods="36" elements="288" coveredelements="261" complexity="0" loc="187" ncloc="187" packages="18" files="25" classes="25"/>
    <package name="components.CategoriesSelect">
      <metrics statements="14" coveredstatements="14" conditionals="0" coveredconditionals="0" methods="3" coveredmethods="3"/>
      <file name="CategoriesSelect.tsx" path="C:\Users\FATIMA\Documents\Proyectos de programación\BOOTCAMP-FRONTEND-REACT-NTT\src\components\CategoriesSelect\CategoriesSelect.tsx">
        <metrics statements="14" coveredstatements="14" conditionals="0" coveredconditionals="0" methods="3" coveredmethods="3"/>
        <line num="2" count="1" type="stmt"/>
        <line num="3" count="1" type="stmt"/>
        <line num="4" count="1" type="stmt"/>
        <line num="12" count="1" type="stmt"/>
        <line num="15" count="3" type="stmt"/>
        <line num="16" count="3" type="stmt"/>
        <line num="18" count="3" type="stmt"/>
        <line num="19" count="1" type="stmt"/>
        <line num="20" count="1" type="stmt"/>
        <line num="21" count="1" type="stmt"/>
        <line num="24" count="3" type="stmt"/>
        <line num="27" count="9" type="stmt"/>
        <line num="29" count="9" type="stmt"/>
        <line num="44" count="1" type="stmt"/>
      </file>
    </package>
    <package name="components.Footer">
      <metrics statements="4" coveredstatements="4" conditionals="0" coveredconditionals="0" methods="1" coveredmethods="1"/>
      <file name="Footer.tsx" path="C:\Users\FATIMA\Documents\Proyectos de programación\BOOTCAMP-FRONTEND-REACT-NTT\src\components\Footer\Footer.tsx">
        <metrics statements="4" coveredstatements="4" conditionals="0" coveredconditionals="0" methods="1" coveredmethods="1"/>
        <line num="1" count="1" type="stmt"/>
        <line num="3" count="1" type="stmt"/>
        <line num="4" count="1" type="stmt"/>
        <line num="29" count="1" type="stmt"/>
      </file>
    </package>
    <package name="components.Navbar">
      <metrics statements="18" coveredstatements="18" conditionals="2" coveredconditionals="2" methods="3" coveredmethods="3"/>
      <file name="Navbar.tsx" path="C:\Users\FATIMA\Documents\Proyectos de programación\BOOTCAMP-FRONTEND-REACT-NTT\src\components\Navbar\Navbar.tsx">
        <metrics statements="18" coveredstatements="18" conditionals="2" coveredconditionals="2" methods="3" coveredmethods="3"/>
        <line num="1" count="1" type="stmt"/>
        <line num="2" count="1" type="stmt"/>
        <line num="3" count="1" type="stmt"/>
        <line num="4" count="1" type="stmt"/>
        <line num="5" count="1" type="stmt"/>
        <line num="6" count="1" type="stmt"/>
        <line num="7" count="1" type="stmt"/>
        <line num="8" count="1" type="stmt"/>
        <line num="10" count="1" type="stmt"/>
        <line num="11" count="4" type="stmt"/>
        <line num="12" count="4" type="stmt"/>
        <line num="13" count="4" type="stmt"/>
        <line num="15" count="4" type="stmt"/>
        <line num="16" count="1" type="stmt"/>
        <line num="19" count="4" type="stmt"/>
        <line num="20" count="1" type="stmt"/>
        <line num="23" count="4" type="stmt"/>
        <line num="55" count="1" type="stmt"/>
      </file>
    </package>
    <package name="components.Search">
      <metrics statements="8" coveredstatements="8" conditionals="0" coveredconditionals="0" methods="2" coveredmethods="2"/>
      <file name="Search.tsx" path="C:\Users\FATIMA\Documents\Proyectos de programación\BOOTCAMP-FRONTEND-REACT-NTT\src\components\Search\Search.tsx">
        <metrics statements="8" coveredstatements="8" conditionals="0" coveredconditionals="0" methods="2" coveredmethods="2"/>
        <line num="2" count="1" type="stmt"/>
        <line num="3" count="1" type="stmt"/>
        <line num="9" count="1" type="stmt"/>
        <line num="10" count="2" type="stmt"/>
        <line num="11" count="1" type="stmt"/>
        <line num="12" count="1" type="stmt"/>
        <line num="15" count="2" type="stmt"/>
        <line num="27" count="1" type="stmt"/>
      </file>
    </package>
    <package name="context">
      <metrics statements="31" coveredstatements="15" conditionals="8" coveredconditionals="0" methods="4" coveredmethods="1"/>
      <file name="cart-context.tsx" path="C:\Users\FATIMA\Documents\Proyectos de programación\BOOTCAMP-FRONTEND-REACT-NTT\src\context\cart-context.tsx">
        <metrics statements="20" coveredstatements="12" conditionals="2" coveredconditionals="0" methods="3" coveredmethods="1"/>
        <line num="1" count="1" type="stmt"/>
        <line num="2" count="1" type="stmt"/>
        <line num="4" count="1" type="stmt"/>
        <line num="6" count="1" type="stmt"/>
        <line num="7" count="1" type="stmt"/>
        <line num="9" count="1" type="stmt"/>
        <line num="10" count="0" type="stmt"/>
        <line num="11" count="0" type="stmt"/>
        <line num="13" count="0" type="stmt"/>
        <line num="22" count="1" type="stmt"/>
        <line num="23" count="4" type="stmt"/>
        <line num="24" count="4" type="cond" truecount="0" falsecount="1"/>
        <line num="25" count="0" type="stmt"/>
        <line num="27" count="4" type="stmt"/>
        <line num="30" count="1" type="stmt"/>
        <line num="31" count="0" type="stmt"/>
        <line num="32" count="0" type="cond" truecount="0" falsecount="1"/>
        <line num="33" count="0" type="stmt"/>
        <line num="35" count="0" type="stmt"/>
        <line num="38" count="1" type="stmt"/>
      </file>
      <file name="cart-reducer.ts" path="C:\Users\FATIMA\Documents\Proyectos de programación\BOOTCAMP-FRONTEND-REACT-NTT\src\context\cart-reducer.ts">
        <metrics statements="11" coveredstatements="3" conditionals="6" coveredconditionals="0" methods="1" coveredmethods="0"/>
        <line num="1" count="1" type="stmt"/>
        <line num="15" count="1" type="stmt"/>
        <line num="21" count="1" type="stmt"/>
        <line num="25" count="0" type="cond" truecount="0" falsecount="6"/>
        <line num="27" count="0" type="stmt"/>
        <line num="29" count="0" type="stmt"/>
        <line num="34" count="0" type="stmt"/>
        <line num="39" count="0" type="stmt"/>
        <line num="44" count="0" type="stmt"/>
        <line num="49" count="0" type="stmt"/>
        <line num="50" count="0" type="stmt"/>
      </file>
    </package>
    <package name="domain">
      <metrics statements="6" coveredstatements="6" conditionals="2" coveredconditionals="2" methods="1" coveredmethods="1"/>
      <file name="cart-store.ts" path="C:\Users\FATIMA\Documents\Proyectos de programación\BOOTCAMP-FRONTEND-REACT-NTT\src\domain\cart-store.ts">
        <metrics statements="6" coveredstatements="6" conditionals="2" coveredconditionals="2" methods="1" coveredmethods="1"/>
        <line num="6" count="1" type="cond" truecount="2" falsecount="0"/>
        <line num="7" count="1" type="stmt"/>
        <line num="8" count="1" type="stmt"/>
        <line num="9" count="1" type="stmt"/>
        <line num="10" count="1" type="stmt"/>
        <line num="11" count="1" type="stmt"/>
      </file>
    </package>
    <package name="enums">
      <metrics statements="7" coveredstatements="7" conditionals="4" coveredconditionals="4" methods="2" coveredmethods="2"/>
      <file name="categories.ts" path="C:\Users\FATIMA\Documents\Proyectos de programación\BOOTCAMP-FRONTEND-REACT-NTT\src\enums\categories.ts">
        <metrics statements="2" coveredstatements="2" conditionals="2" coveredconditionals="2" methods="1" coveredmethods="1"/>
        <line num="1" count="1" type="cond" truecount="2" falsecount="0"/>
        <line num="2" count="1" type="stmt"/>
      </file>
      <file name="routes.ts" path="C:\Users\FATIMA\Documents\Proyectos de programación\BOOTCAMP-FRONTEND-REACT-NTT\src\enums\routes.ts">
        <metrics statements="5" coveredstatements="5" conditionals="2" coveredconditionals="2" methods="1" coveredmethods="1"/>
        <line num="1" count="1" type="cond" truecount="2" falsecount="0"/>
        <line num="2" count="1" type="stmt"/>
        <line num="3" count="1" type="stmt"/>
        <line num="4" count="1" type="stmt"/>
        <line num="5" count="1" type="stmt"/>
      </file>
    </package>
    <package name="services.__mocks___">
      <metrics statements="7" coveredstatements="7" conditionals="0" coveredconditionals="0" methods="0" coveredmethods="0"/>
      <file name="cartState.ts" path="C:\Users\FATIMA\Documents\Proyectos de programación\BOOTCAMP-FRONTEND-REACT-NTT\src\services\__mocks___\cartState.ts">
        <metrics statements="2" coveredstatements="2" conditionals="0" coveredconditionals="0" methods="0" coveredmethods="0"/>
        <line num="1" count="1" type="stmt"/>
        <line num="7" count="1" type="stmt"/>
      </file>
      <file name="categories.ts" path="C:\Users\FATIMA\Documents\Proyectos de programación\BOOTCAMP-FRONTEND-REACT-NTT\src\services\__mocks___\categories.ts">
        <metrics statements="2" coveredstatements="2" conditionals="0" coveredconditionals="0" methods="0" coveredmethods="0"/>
        <line num="1" count="3" type="stmt"/>
        <line num="14" count="3" type="stmt"/>
      </file>
      <file name="districts.ts" path="C:\Users\FATIMA\Documents\Proyectos de programación\BOOTCAMP-FRONTEND-REACT-NTT\src\services\__mocks___\districts.ts">
        <metrics statements="1" coveredstatements="1" conditionals="0" coveredconditionals="0" methods="0" coveredmethods="0"/>
        <line num="1" count="1" type="stmt"/>
      </file>
      <file name="login.ts" path="C:\Users\FATIMA\Documents\Proyectos de programación\BOOTCAMP-FRONTEND-REACT-NTT\src\services\__mocks___\login.ts">
        <metrics statements="1" coveredstatements="1" conditionals="0" coveredconditionals="0" methods="0" coveredmethods="0"/>
        <line num="1" count="2" type="stmt"/>
      </file>
      <file name="products.ts" path="C:\Users\FATIMA\Documents\Proyectos de programación\BOOTCAMP-FRONTEND-REACT-NTT\src\services\__mocks___\products.ts">
        <metrics statements="1" coveredstatements="1" conditionals="0" coveredconditionals="0" methods="0" coveredmethods="0"/>
        <line num="1" count="1" type="stmt"/>
      </file>
    </package>
    <package name="services.__wrappers__">
      <metrics statements="4" coveredstatements="4" conditionals="0" coveredconditionals="0" methods="1" coveredmethods="1"/>
      <file name="cart-context.tsx" path="C:\Users\FATIMA\Documents\Proyectos de programación\BOOTCAMP-FRONTEND-REACT-NTT\src\services\__wrappers__\cart-context.tsx">
        <metrics statements="4" coveredstatements="4" conditionals="0" coveredconditionals="0" methods="1" coveredmethods="1"/>
        <line num="1" count="1" type="stmt"/>
        <line num="4" count="1" type="stmt"/>
        <line num="12" count="1" type="stmt"/>
        <line num="13" count="3" type="stmt"/>
      </file>
    </package>
    <package name="shared.components.Button">
      <metrics statements="3" coveredstatements="3" conditionals="6" coveredconditionals="6" methods="1" coveredmethods="1"/>
      <file name="Button.tsx" path="C:\Users\FATIMA\Documents\Proyectos de programación\BOOTCAMP-FRONTEND-REACT-NTT\src\shared\components\Button\Button.tsx">
        <metrics statements="3" coveredstatements="3" conditionals="6" coveredconditionals="6" methods="1" coveredmethods="1"/>
        <line num="10" count="2" type="stmt"/>
        <line num="14" count="13" type="stmt"/>
        <line num="23" count="2" type="stmt"/>
      </file>
    </package>
    <package name="shared.components.Input">
      <metrics statements="5" coveredstatements="5" conditionals="17" coveredconditionals="17" methods="1" coveredmethods="1"/>
      <file name="Input.tsx" path="C:\Users\FATIMA\Documents\Proyectos de programación\BOOTCAMP-FRONTEND-REACT-NTT\src\shared\components\Input\Input.tsx">
        <metrics statements="5" coveredstatements="5" conditionals="17" coveredconditionals="17" methods="1" coveredmethods="1"/>
        <line num="13" count="2" type="stmt"/>
        <line num="16" count="10" type="cond" truecount="2" falsecount="0"/>
        <line num="23" count="10" type="stmt"/>
        <line num="29" count="10" type="stmt"/>
        <line num="48" count="2" type="stmt"/>
      </file>
    </package>
    <package name="shared.components.Select">
      <metrics statements="9" coveredstatements="9" conditionals="12" coveredconditionals="12" methods="2" coveredmethods="2"/>
      <file name="Select.tsx" path="C:\Users\FATIMA\Documents\Proyectos de programación\BOOTCAMP-FRONTEND-REACT-NTT\src\shared\components\Select\Select.tsx">
        <metrics statements="9" coveredstatements="9" conditionals="12" coveredconditionals="12" methods="2" coveredmethods="2"/>
        <line num="2" count="2" type="stmt"/>
        <line num="21" count="2" type="stmt"/>
        <line num="33" count="9" type="cond" truecount="2" falsecount="0"/>
        <line num="39" count="9" type="stmt"/>
        <line num="41" count="9" type="cond" truecount="3" falsecount="0"/>
        <line num="42" count="6" type="stmt"/>
        <line num="50" count="9" type="stmt"/>
        <line num="56" count="27" type="stmt"/>
        <line num="69" count="2" type="stmt"/>
      </file>
    </package>
    <package name="shared.components.SelectOption">
      <metrics statements="3" coveredstatements="3" conditionals="0" coveredconditionals="0" methods="1" coveredmethods="1"/>
      <file name="SelectOption.tsx" path="C:\Users\FATIMA\Documents\Proyectos de programación\BOOTCAMP-FRONTEND-REACT-NTT\src\shared\components\SelectOption\SelectOption.tsx">
        <metrics statements="3" coveredstatements="3" conditionals="0" coveredconditionals="0" methods="1" coveredmethods="1"/>
        <line num="7" count="3" type="stmt"/>
        <line num="10" count="35" type="stmt"/>
        <line num="17" count="3" type="stmt"/>
      </file>
    </package>
    <package name="shared.hooks.useApi">
      <metrics statements="18" coveredstatements="18" conditionals="6" coveredconditionals="6" methods="3" coveredmethods="3"/>
      <file name="useApi.ts" path="C:\Users\FATIMA\Documents\Proyectos de programación\BOOTCAMP-FRONTEND-REACT-NTT\src\shared\hooks\useApi\useApi.ts">
        <metrics statements="18" coveredstatements="18" conditionals="6" coveredconditionals="6" methods="3" coveredmethods="3"/>
        <line num="1" count="3" type="stmt"/>
        <line num="9" count="3" type="cond" truecount="1" falsecount="0"/>
        <line num="10" count="24" type="stmt"/>
        <line num="11" count="24" type="stmt"/>
        <line num="12" count="24" type="stmt"/>
        <line num="14" count="24" type="stmt"/>
        <line num="15" count="8" type="stmt"/>
        <line num="17" count="8" type="stmt"/>
        <line num="18" count="8" type="stmt"/>
        <line num="27" count="8" type="cond" truecount="1" falsecount="0"/>
        <line num="28" count="3" type="stmt"/>
        <line num="31" count="5" type="stmt"/>
        <line num="32" count="5" type="stmt"/>
        <line num="34" count="3" type="stmt"/>
        <line num="36" count="8" type="stmt"/>
        <line num="40" count="24" type="stmt"/>
        <line num="41" count="8" type="stmt"/>
        <line num="44" count="24" type="stmt"/>
      </file>
    </package>
    <package name="shared.hooks.useJson">
      <metrics statements="18" coveredstatements="18" conditionals="1" coveredconditionals="1" methods="3" coveredmethods="3"/>
      <file name="useJson.ts" path="C:\Users\FATIMA\Documents\Proyectos de programación\BOOTCAMP-FRONTEND-REACT-NTT\src\shared\hooks\useJson\useJson.ts">
        <metrics statements="18" coveredstatements="18" conditionals="1" coveredconditionals="1" methods="3" coveredmethods="3"/>
        <line num="1" count="1" type="stmt"/>
        <line num="3" count="1" type="stmt"/>
        <line num="4" count="6" type="stmt"/>
        <line num="5" count="6" type="stmt"/>
        <line num="6" count="6" type="stmt"/>
        <line num="8" count="6" type="stmt"/>
        <line num="9" count="2" type="stmt"/>
        <line num="11" count="2" type="stmt"/>
        <line num="12" count="2" type="stmt"/>
        <line num="14" count="2" type="cond" truecount="1" falsecount="0"/>
        <line num="15" count="1" type="stmt"/>
        <line num="18" count="1" type="stmt"/>
        <line num="19" count="1" type="stmt"/>
        <line num="21" count="1" type="stmt"/>
        <line num="23" count="2" type="stmt"/>
        <line num="27" count="6" type="stmt"/>
        <line num="28" count="2" type="stmt"/>
        <line num="31" count="6" type="stmt"/>
      </file>
    </package>
    <package name="shared.hooks.useLocalStorage">
      <metrics statements="8" coveredstatements="8" conditionals="2" coveredconditionals="2" methods="3" coveredmethods="3"/>
      <file name="useLocalStorage.ts" path="C:\Users\FATIMA\Documents\Proyectos de programación\BOOTCAMP-FRONTEND-REACT-NTT\src\shared\hooks\useLocalStorage\useLocalStorage.ts">
        <metrics statements="8" coveredstatements="8" conditionals="2" coveredconditionals="2" methods="3" coveredmethods="3"/>
        <line num="1" count="2" type="stmt"/>
        <line num="3" count="2" type="stmt"/>
        <line num="4" count="3" type="stmt"/>
        <line num="5" count="2" type="stmt"/>
        <line num="6" count="2" type="cond" truecount="2" falsecount="0"/>
        <line num="9" count="3" type="stmt"/>
        <line num="10" count="3" type="stmt"/>
        <line num="13" count="3" type="stmt"/>
      </file>
    </package>
    <package name="shared.hooks.useModal">
      <metrics statements="10" coveredstatements="10" conditionals="0" coveredconditionals="0" methods="4" coveredmethods="4"/>
      <file name="useModal.ts" path="C:\Users\FATIMA\Documents\Proyectos de programación\BOOTCAMP-FRONTEND-REACT-NTT\src\shared\hooks\useModal\useModal.ts">
        <metrics statements="10" coveredstatements="10" conditionals="0" coveredconditionals="0" methods="4" coveredmethods="4"/>
        <line num="1" count="1" type="stmt"/>
        <line num="3" count="1" type="stmt"/>
        <line num="4" count="8" type="stmt"/>
        <line num="6" count="8" type="stmt"/>
        <line num="7" count="2" type="stmt"/>
        <line num="10" count="8" type="stmt"/>
        <line num="11" count="1" type="stmt"/>
        <line num="14" count="8" type="stmt"/>
        <line num="15" count="2" type="stmt"/>
        <line num="18" count="8" type="stmt"/>
      </file>
    </package>
    <package name="shared.utils">
      <metrics statements="14" coveredstatements="14" conditionals="2" coveredconditionals="2" methods="4" coveredmethods="4"/>
      <file name="regex-enum.ts" path="C:\Users\FATIMA\Documents\Proyectos de programación\BOOTCAMP-FRONTEND-REACT-NTT\src\shared\utils\regex-enum.ts">
        <metrics statements="4" coveredstatements="4" conditionals="2" coveredconditionals="2" methods="1" coveredmethods="1"/>
        <line num="1" count="1" type="cond" truecount="2" falsecount="0"/>
        <line num="2" count="1" type="stmt"/>
        <line num="3" count="1" type="stmt"/>
        <line num="4" count="1" type="stmt"/>
      </file>
      <file name="utils.ts" path="C:\Users\FATIMA\Documents\Proyectos de programación\BOOTCAMP-FRONTEND-REACT-NTT\src\shared\utils\utils.ts">
        <metrics statements="10" coveredstatements="10" conditionals="0" coveredconditionals="0" methods="3" coveredmethods="3"/>
        <line num="1" count="1" type="stmt"/>
        <line num="3" count="1" type="stmt"/>
        <line num="4" count="1" type="stmt"/>
        <line num="5" count="1" type="stmt"/>
        <line num="8" count="1" type="stmt"/>
        <line num="9" count="2" type="stmt"/>
        <line num="10" count="2" type="stmt"/>
        <line num="13" count="1" type="stmt"/>
        <line num="14" count="2" type="stmt"/>
        <line num="15" count="2" type="stmt"/>
      </file>
    </package>
  </project>
</coverage>
