{"C:\\Users\\FATIMA\\Documents\\Proyectos de programación\\BOOTCAMP-FRONTEND-REACT-NTT\\src\\services\\__mocks___\\categories.ts": {"path":"C:\\Users\\FATIMA\\Documents\\Proyectos de programación\\BOOTCAMP-FRONTEND-REACT-NTT\\src\\services\\__mocks___\\categories.ts","statementMap":{"0":{"start":{"line":1,"column":13},"end":{"line":12,"column":null}}},"fnMap":{},"branchMap":{},"s":{"0":2},"f":{},"b":{}}
,"C:\\Users\\FATIMA\\Documents\\Proyectos de programación\\BOOTCAMP-FRONTEND-REACT-NTT\\src\\services\\__mocks___\\districts.ts": {"path":"C:\\Users\\FATIMA\\Documents\\Proyectos de programación\\BOOTCAMP-FRONTEND-REACT-NTT\\src\\services\\__mocks___\\districts.ts","statementMap":{"0":{"start":{"line":1,"column":13},"end":{"line":7,"column":null}}},"fnMap":{},"branchMap":{},"s":{"0":1},"f":{},"b":{}}
,"C:\\Users\\FATIMA\\Documents\\Proyectos de programación\\BOOTCAMP-FRONTEND-REACT-NTT\\src\\services\\__mocks___\\login.ts": {"path":"C:\\Users\\FATIMA\\Documents\\Proyectos de programación\\BOOTCAMP-FRONTEND-REACT-NTT\\src\\services\\__mocks___\\login.ts","statementMap":{"0":{"start":{"line":1,"column":13},"end":{"line":7,"column":null}}},"fnMap":{},"branchMap":{},"s":{"0":2},"f":{},"b":{}}
,"C:\\Users\\FATIMA\\Documents\\Proyectos de programación\\BOOTCAMP-FRONTEND-REACT-NTT\\src\\services\\__mocks___\\products.ts": {"path":"C:\\Users\\FATIMA\\Documents\\Proyectos de programación\\BOOTCAMP-FRONTEND-REACT-NTT\\src\\services\\__mocks___\\products.ts","statementMap":{"0":{"start":{"line":1,"column":13},"end":{"line":33,"column":null}}},"fnMap":{},"branchMap":{},"s":{"0":1},"f":{},"b":{}}
,"C:\\Users\\FATIMA\\Documents\\Proyectos de programación\\BOOTCAMP-FRONTEND-REACT-NTT\\src\\shared\\components\\Button\\Button.tsx": {"path":"C:\\Users\\FATIMA\\Documents\\Proyectos de programación\\BOOTCAMP-FRONTEND-REACT-NTT\\src\\shared\\components\\Button\\Button.tsx","statementMap":{"0":{"start":{"line":10,"column":51},"end":{"line":21,"column":1}},"1":{"start":{"line":14,"column":2},"end":{"line":20,"column":null}},"2":{"start":{"line":23,"column":0},"end":{"line":23,"column":22}}},"fnMap":{"0":{"name":"(anonymous_0)","decl":{"start":{"line":10,"column":51},"end":{"line":10,"column":52}},"loc":{"start":{"line":12,"column":5},"end":{"line":21,"column":1}}}},"branchMap":{"0":{"loc":{"start":{"line":16,"column":7},"end":{"line":16,"column":63}},"type":"binary-expr","locations":[{"start":{"line":16,"column":7},"end":{"line":16,"column":11}},{"start":{"line":16,"column":15},"end":{"line":16,"column":63}}]},"1":{"loc":{"start":{"line":16,"column":36},"end":{"line":16,"column":60}},"type":"binary-expr","locations":[{"start":{"line":16,"column":36},"end":{"line":16,"column":43}},{"start":{"line":16,"column":47},"end":{"line":16,"column":60}}]},"2":{"loc":{"start":{"line":17,"column":7},"end":{"line":17,"column":28}},"type":"binary-expr","locations":[{"start":{"line":17,"column":7},"end":{"line":17,"column":11}},{"start":{"line":17,"column":15},"end":{"line":17,"column":28}}]}},"s":{"0":1,"1":5,"2":1},"f":{"0":5},"b":{"0":[5,2],"1":[2,1],"2":[5,1]}}
,"C:\\Users\\FATIMA\\Documents\\Proyectos de programación\\BOOTCAMP-FRONTEND-REACT-NTT\\src\\shared\\components\\Input\\Input.tsx": {"path":"C:\\Users\\FATIMA\\Documents\\Proyectos de programación\\BOOTCAMP-FRONTEND-REACT-NTT\\src\\shared\\components\\Input\\Input.tsx","statementMap":{"0":{"start":{"line":13,"column":30},"end":{"line":46,"column":1}},"1":{"start":{"line":16,"column":29},"end":{"line":20,"column":29}},"2":{"start":{"line":23,"column":4},"end":{"line":25,"column":null}},"3":{"start":{"line":29,"column":2},"end":{"line":45,"column":null}},"4":{"start":{"line":48,"column":0},"end":{"line":48,"column":21}}},"fnMap":{"0":{"name":"(anonymous_0)","decl":{"start":{"line":13,"column":30},"end":{"line":13,"column":31}},"loc":{"start":{"line":15,"column":5},"end":{"line":46,"column":1}}}},"branchMap":{"0":{"loc":{"start":{"line":14,"column":27},"end":{"line":14,"column":54}},"type":"default-arg","locations":[{"start":{"line":14,"column":52},"end":{"line":14,"column":54}}]},"1":{"loc":{"start":{"line":16,"column":29},"end":{"line":20,"column":29}},"type":"cond-expr","locations":[{"start":{"line":17,"column":6},"end":{"line":17,"column":40}},{"start":{"line":18,"column":6},"end":{"line":20,"column":29}}]},"2":{"loc":{"start":{"line":18,"column":6},"end":{"line":20,"column":29}},"type":"cond-expr","locations":[{"start":{"line":19,"column":6},"end":{"line":19,"column":44}},{"start":{"line":20,"column":6},"end":{"line":20,"column":29}}]},"3":{"loc":{"start":{"line":25,"column":7},"end":{"line":25,"column":62}},"type":"binary-expr","locations":[{"start":{"line":25,"column":7},"end":{"line":25,"column":11}},{"start":{"line":25,"column":15},"end":{"line":25,"column":62}}]},"4":{"loc":{"start":{"line":25,"column":36},"end":{"line":25,"column":59}},"type":"binary-expr","locations":[{"start":{"line":25,"column":36},"end":{"line":25,"column":43}},{"start":{"line":25,"column":47},"end":{"line":25,"column":59}}]},"5":{"loc":{"start":{"line":31,"column":7},"end":{"line":40,"column":null}},"type":"cond-expr","locations":[{"start":{"line":32,"column":10},"end":{"line":34,"column":null}},{"start":{"line":37,"column":10},"end":{"line":39,"column":null}}]},"6":{"loc":{"start":{"line":31,"column":7},"end":{"line":31,"column":20}},"type":"binary-expr","locations":[{"start":{"line":31,"column":7},"end":{"line":31,"column":12}},{"start":{"line":31,"column":16},"end":{"line":31,"column":20}}]},"7":{"loc":{"start":{"line":38,"column":13},"end":{"line":38,"column":63}},"type":"binary-expr","locations":[{"start":{"line":38,"column":13},"end":{"line":38,"column":18}},{"start":{"line":38,"column":22},"end":{"line":38,"column":63}}]},"8":{"loc":{"start":{"line":43,"column":7},"end":{"line":43,"column":56}},"type":"binary-expr","locations":[{"start":{"line":43,"column":7},"end":{"line":43,"column":12}},{"start":{"line":43,"column":16},"end":{"line":43,"column":56}}]}},"s":{"0":1,"1":8,"2":8,"3":8,"4":1},"f":{"0":8},"b":{"0":[8],"1":[2,6],"2":[1,5],"3":[8,3],"4":[3,1],"5":[1,7],"6":[8,2],"7":[7,1],"8":[8,2]}}
,"C:\\Users\\FATIMA\\Documents\\Proyectos de programación\\BOOTCAMP-FRONTEND-REACT-NTT\\src\\shared\\components\\Select\\Select.tsx": {"path":"C:\\Users\\FATIMA\\Documents\\Proyectos de programación\\BOOTCAMP-FRONTEND-REACT-NTT\\src\\shared\\components\\Select\\Select.tsx","statementMap":{"0":{"start":{"line":2,"column":0},"end":{"line":2,"column":60}},"1":{"start":{"line":21,"column":32},"end":{"line":67,"column":1}},"2":{"start":{"line":33,"column":20},"end":{"line":37,"column":24}},"3":{"start":{"line":39,"column":22},"end":{"line":39,"column":26}},"4":{"start":{"line":41,"column":2},"end":{"line":48,"column":3}},"5":{"start":{"line":42,"column":4},"end":{"line":47,"column":null}},"6":{"start":{"line":50,"column":2},"end":{"line":66,"column":null}},"7":{"start":{"line":56,"column":10},"end":{"line":57,"column":null}},"8":{"start":{"line":69,"column":0},"end":{"line":69,"column":22}}},"fnMap":{"0":{"name":"(anonymous_0)","decl":{"start":{"line":21,"column":32},"end":{"line":21,"column":33}},"loc":{"start":{"line":31,"column":5},"end":{"line":67,"column":1}}},"1":{"name":"(anonymous_1)","decl":{"start":{"line":55,"column":22},"end":{"line":55,"column":23}},"loc":{"start":{"line":56,"column":10},"end":{"line":57,"column":null}}}},"branchMap":{"0":{"loc":{"start":{"line":29,"column":2},"end":{"line":29,"column":25}},"type":"default-arg","locations":[{"start":{"line":29,"column":23},"end":{"line":29,"column":25}}]},"1":{"loc":{"start":{"line":33,"column":20},"end":{"line":37,"column":24}},"type":"cond-expr","locations":[{"start":{"line":34,"column":6},"end":{"line":34,"column":35}},{"start":{"line":35,"column":6},"end":{"line":37,"column":24}}]},"2":{"loc":{"start":{"line":35,"column":6},"end":{"line":37,"column":24}},"type":"cond-expr","locations":[{"start":{"line":36,"column":6},"end":{"line":36,"column":39}},{"start":{"line":37,"column":6},"end":{"line":37,"column":24}}]},"3":{"loc":{"start":{"line":41,"column":2},"end":{"line":48,"column":3}},"type":"if","locations":[{"start":{"line":41,"column":2},"end":{"line":48,"column":3}}]},"4":{"loc":{"start":{"line":41,"column":6},"end":{"line":41,"column":41}},"type":"binary-expr","locations":[{"start":{"line":41,"column":6},"end":{"line":41,"column":18}},{"start":{"line":41,"column":22},"end":{"line":41,"column":41}}]},"5":{"loc":{"start":{"line":45,"column":12},"end":{"line":45,"column":34}},"type":"binary-expr","locations":[{"start":{"line":45,"column":12},"end":{"line":45,"column":28}},{"start":{"line":45,"column":32},"end":{"line":45,"column":34}}]},"6":{"loc":{"start":{"line":64,"column":7},"end":{"line":64,"column":56}},"type":"binary-expr","locations":[{"start":{"line":64,"column":7},"end":{"line":64,"column":12}},{"start":{"line":64,"column":16},"end":{"line":64,"column":56}}]}},"s":{"0":1,"1":1,"2":6,"3":6,"4":6,"5":3,"6":6,"7":18,"8":1},"f":{"0":6,"1":18},"b":{"0":[4],"1":[2,4],"2":[1,3],"3":[3],"4":[6,6],"5":[3,1],"6":[6,2]}}
,"C:\\Users\\FATIMA\\Documents\\Proyectos de programación\\BOOTCAMP-FRONTEND-REACT-NTT\\src\\shared\\components\\SelectOption\\SelectOption.tsx": {"path":"C:\\Users\\FATIMA\\Documents\\Proyectos de programación\\BOOTCAMP-FRONTEND-REACT-NTT\\src\\shared\\components\\SelectOption\\SelectOption.tsx","statementMap":{"0":{"start":{"line":7,"column":51},"end":{"line":15,"column":1}},"1":{"start":{"line":10,"column":2},"end":{"line":14,"column":null}},"2":{"start":{"line":7,"column":13},"end":{"line":7,"column":51}},"3":{"start":{"line":17,"column":0},"end":{"line":17,"column":28}}},"fnMap":{"0":{"name":"(anonymous_0)","decl":{"start":{"line":7,"column":51},"end":{"line":7,"column":52}},"loc":{"start":{"line":9,"column":5},"end":{"line":15,"column":1}}}},"branchMap":{},"s":{"0":2,"1":23,"2":2,"3":2},"f":{"0":23},"b":{}}
,"C:\\Users\\FATIMA\\Documents\\Proyectos de programación\\BOOTCAMP-FRONTEND-REACT-NTT\\src\\shared\\hooks\\useApi\\useApi.ts": {"path":"C:\\Users\\FATIMA\\Documents\\Proyectos de programación\\BOOTCAMP-FRONTEND-REACT-NTT\\src\\shared\\hooks\\useApi\\useApi.ts","statementMap":{"0":{"start":{"line":1,"column":0},"end":{"line":1,"column":44}},"1":{"start":{"line":9,"column":22},"end":{"line":45,"column":1}},"2":{"start":{"line":10,"column":26},"end":{"line":10,"column":50}},"3":{"start":{"line":11,"column":36},"end":{"line":11,"column":51}},"4":{"start":{"line":12,"column":28},"end":{"line":12,"column":56}},"5":{"start":{"line":14,"column":20},"end":{"line":38,"column":3}},"6":{"start":{"line":15,"column":4},"end":{"line":15,"column":23}},"7":{"start":{"line":17,"column":4},"end":{"line":37,"column":5}},"8":{"start":{"line":18,"column":23},"end":{"line":25,"column":8}},"9":{"start":{"line":27,"column":6},"end":{"line":29,"column":7}},"10":{"start":{"line":28,"column":8},"end":{"line":28,"column":55}},"11":{"start":{"line":31,"column":30},"end":{"line":31,"column":51}},"12":{"start":{"line":32,"column":6},"end":{"line":32,"column":28}},"13":{"start":{"line":34,"column":6},"end":{"line":34,"column":29}},"14":{"start":{"line":36,"column":6},"end":{"line":36,"column":26}},"15":{"start":{"line":40,"column":2},"end":{"line":42,"column":12}},"16":{"start":{"line":41,"column":4},"end":{"line":41,"column":16}},"17":{"start":{"line":44,"column":2},"end":{"line":44,"column":36}},"18":{"start":{"line":9,"column":13},"end":{"line":9,"column":22}}},"fnMap":{"0":{"name":"(anonymous_0)","decl":{"start":{"line":9,"column":22},"end":{"line":9,"column":26}},"loc":{"start":{"line":9,"column":69},"end":{"line":45,"column":1}}},"1":{"name":"(anonymous_1)","decl":{"start":{"line":14,"column":20},"end":{"line":14,"column":25}},"loc":{"start":{"line":14,"column":31},"end":{"line":38,"column":3}}},"2":{"name":"(anonymous_2)","decl":{"start":{"line":40,"column":12},"end":{"line":40,"column":15}},"loc":{"start":{"line":40,"column":17},"end":{"line":42,"column":3}}}},"branchMap":{"0":{"loc":{"start":{"line":9,"column":39},"end":{"line":9,"column":65}},"type":"default-arg","locations":[{"start":{"line":9,"column":63},"end":{"line":9,"column":65}}]},"1":{"loc":{"start":{"line":19,"column":16},"end":{"line":19,"column":39}},"type":"binary-expr","locations":[{"start":{"line":19,"column":16},"end":{"line":19,"column":30}},{"start":{"line":19,"column":34},"end":{"line":19,"column":39}}]},"2":{"loc":{"start":{"line":24,"column":14},"end":{"line":24,"column":64}},"type":"cond-expr","locations":[{"start":{"line":24,"column":29},"end":{"line":24,"column":57}},{"start":{"line":24,"column":60},"end":{"line":24,"column":64}}]},"3":{"loc":{"start":{"line":27,"column":6},"end":{"line":29,"column":7}},"type":"if","locations":[{"start":{"line":27,"column":6},"end":{"line":29,"column":7}}]}},"s":{"0":3,"1":3,"2":24,"3":24,"4":24,"5":24,"6":8,"7":8,"8":8,"9":8,"10":3,"11":5,"12":5,"13":3,"14":8,"15":24,"16":8,"17":24,"18":3},"f":{"0":24,"1":8,"2":8},"b":{"0":[15],"1":[8,5],"2":[3,5],"3":[3]}}
,"C:\\Users\\FATIMA\\Documents\\Proyectos de programación\\BOOTCAMP-FRONTEND-REACT-NTT\\src\\shared\\hooks\\useJson\\useJson.ts": {"path":"C:\\Users\\FATIMA\\Documents\\Proyectos de programación\\BOOTCAMP-FRONTEND-REACT-NTT\\src\\shared\\hooks\\useJson\\useJson.ts","statementMap":{"0":{"start":{"line":1,"column":0},"end":{"line":1,"column":44}},"1":{"start":{"line":3,"column":23},"end":{"line":32,"column":1}},"2":{"start":{"line":4,"column":26},"end":{"line":4,"column":50}},"3":{"start":{"line":5,"column":36},"end":{"line":5,"column":51}},"4":{"start":{"line":6,"column":28},"end":{"line":6,"column":56}},"5":{"start":{"line":8,"column":20},"end":{"line":25,"column":3}},"6":{"start":{"line":9,"column":4},"end":{"line":9,"column":23}},"7":{"start":{"line":11,"column":4},"end":{"line":24,"column":5}},"8":{"start":{"line":12,"column":23},"end":{"line":12,"column":39}},"9":{"start":{"line":14,"column":6},"end":{"line":16,"column":7}},"10":{"start":{"line":15,"column":8},"end":{"line":15,"column":55}},"11":{"start":{"line":18,"column":30},"end":{"line":18,"column":51}},"12":{"start":{"line":19,"column":6},"end":{"line":19,"column":28}},"13":{"start":{"line":21,"column":6},"end":{"line":21,"column":31}},"14":{"start":{"line":23,"column":6},"end":{"line":23,"column":26}},"15":{"start":{"line":27,"column":2},"end":{"line":29,"column":9}},"16":{"start":{"line":28,"column":4},"end":{"line":28,"column":16}},"17":{"start":{"line":31,"column":2},"end":{"line":31,"column":36}},"18":{"start":{"line":3,"column":13},"end":{"line":3,"column":23}}},"fnMap":{"0":{"name":"(anonymous_0)","decl":{"start":{"line":3,"column":23},"end":{"line":3,"column":27}},"loc":{"start":{"line":3,"column":42},"end":{"line":32,"column":1}}},"1":{"name":"(anonymous_1)","decl":{"start":{"line":8,"column":20},"end":{"line":8,"column":25}},"loc":{"start":{"line":8,"column":31},"end":{"line":25,"column":3}}},"2":{"name":"(anonymous_2)","decl":{"start":{"line":27,"column":12},"end":{"line":27,"column":15}},"loc":{"start":{"line":27,"column":17},"end":{"line":29,"column":3}}}},"branchMap":{"0":{"loc":{"start":{"line":14,"column":6},"end":{"line":16,"column":7}},"type":"if","locations":[{"start":{"line":14,"column":6},"end":{"line":16,"column":7}}]}},"s":{"0":1,"1":1,"2":6,"3":6,"4":6,"5":6,"6":2,"7":2,"8":2,"9":2,"10":1,"11":1,"12":1,"13":1,"14":2,"15":6,"16":2,"17":6,"18":1},"f":{"0":6,"1":2,"2":2},"b":{"0":[1]}}
,"C:\\Users\\FATIMA\\Documents\\Proyectos de programación\\BOOTCAMP-FRONTEND-REACT-NTT\\src\\shared\\hooks\\useLocalStorage\\useLocalStorage.ts": {"path":"C:\\Users\\FATIMA\\Documents\\Proyectos de programación\\BOOTCAMP-FRONTEND-REACT-NTT\\src\\shared\\hooks\\useLocalStorage\\useLocalStorage.ts","statementMap":{"0":{"start":{"line":1,"column":0},"end":{"line":1,"column":43}},"1":{"start":{"line":3,"column":31},"end":{"line":17,"column":1}},"2":{"start":{"line":4,"column":40},"end":{"line":7,"column":4}},"3":{"start":{"line":5,"column":17},"end":{"line":5,"column":49}},"4":{"start":{"line":6,"column":4},"end":{"line":6,"column":50}},"5":{"start":{"line":9,"column":2},"end":{"line":11,"column":25}},"6":{"start":{"line":10,"column":4},"end":{"line":10,"column":66}},"7":{"start":{"line":13,"column":2},"end":{"line":16,"column":4}},"8":{"start":{"line":3,"column":13},"end":{"line":3,"column":31}}},"fnMap":{"0":{"name":"(anonymous_0)","decl":{"start":{"line":3,"column":31},"end":{"line":3,"column":35}},"loc":{"start":{"line":3,"column":67},"end":{"line":17,"column":1}}},"1":{"name":"(anonymous_1)","decl":{"start":{"line":4,"column":52},"end":{"line":4,"column":55}},"loc":{"start":{"line":4,"column":57},"end":{"line":7,"column":3}}},"2":{"name":"(anonymous_2)","decl":{"start":{"line":9,"column":12},"end":{"line":9,"column":15}},"loc":{"start":{"line":9,"column":17},"end":{"line":11,"column":3}}}},"branchMap":{"0":{"loc":{"start":{"line":6,"column":11},"end":{"line":6,"column":49}},"type":"cond-expr","locations":[{"start":{"line":6,"column":18},"end":{"line":6,"column":34}},{"start":{"line":6,"column":37},"end":{"line":6,"column":49}}]}},"s":{"0":1,"1":1,"2":3,"3":2,"4":2,"5":3,"6":3,"7":3,"8":1},"f":{"0":3,"1":2,"2":3},"b":{"0":[1,1]}}
,"C:\\Users\\FATIMA\\Documents\\Proyectos de programación\\BOOTCAMP-FRONTEND-REACT-NTT\\src\\shared\\hooks\\useModal\\useModal.ts": {"path":"C:\\Users\\FATIMA\\Documents\\Proyectos de programación\\BOOTCAMP-FRONTEND-REACT-NTT\\src\\shared\\hooks\\useModal\\useModal.ts","statementMap":{"0":{"start":{"line":1,"column":0},"end":{"line":1,"column":33}},"1":{"start":{"line":3,"column":24},"end":{"line":24,"column":1}},"2":{"start":{"line":4,"column":46},"end":{"line":4,"column":61}},"3":{"start":{"line":6,"column":20},"end":{"line":8,"column":3}},"4":{"start":{"line":7,"column":4},"end":{"line":7,"column":28}},"5":{"start":{"line":10,"column":21},"end":{"line":12,"column":3}},"6":{"start":{"line":11,"column":4},"end":{"line":11,"column":29}},"7":{"start":{"line":14,"column":22},"end":{"line":16,"column":3}},"8":{"start":{"line":15,"column":4},"end":{"line":15,"column":39}},"9":{"start":{"line":18,"column":2},"end":{"line":23,"column":4}},"10":{"start":{"line":3,"column":13},"end":{"line":3,"column":24}}},"fnMap":{"0":{"name":"(anonymous_0)","decl":{"start":{"line":3,"column":24},"end":{"line":3,"column":27}},"loc":{"start":{"line":3,"column":29},"end":{"line":24,"column":1}}},"1":{"name":"(anonymous_1)","decl":{"start":{"line":6,"column":20},"end":{"line":6,"column":23}},"loc":{"start":{"line":6,"column":25},"end":{"line":8,"column":3}}},"2":{"name":"(anonymous_2)","decl":{"start":{"line":10,"column":21},"end":{"line":10,"column":24}},"loc":{"start":{"line":10,"column":26},"end":{"line":12,"column":3}}},"3":{"name":"(anonymous_3)","decl":{"start":{"line":14,"column":22},"end":{"line":14,"column":25}},"loc":{"start":{"line":14,"column":27},"end":{"line":16,"column":3}}}},"branchMap":{},"s":{"0":1,"1":1,"2":8,"3":8,"4":2,"5":8,"6":1,"7":8,"8":2,"9":8,"10":1},"f":{"0":8,"1":2,"2":1,"3":2},"b":{}}
,"C:\\Users\\FATIMA\\Documents\\Proyectos de programación\\BOOTCAMP-FRONTEND-REACT-NTT\\src\\shared\\utils\\regex-enum.ts": {"path":"C:\\Users\\FATIMA\\Documents\\Proyectos de programación\\BOOTCAMP-FRONTEND-REACT-NTT\\src\\shared\\utils\\regex-enum.ts","statementMap":{"0":{"start":{"line":1,"column":0},"end":{"line":1,"column":null}},"1":{"start":{"line":2,"column":2},"end":{"line":2,"column":null}},"2":{"start":{"line":3,"column":2},"end":{"line":3,"column":null}},"3":{"start":{"line":4,"column":2},"end":{"line":4,"column":null}}},"fnMap":{"0":{"name":"(anonymous_0)","decl":{"start":{"line":1,"column":0},"end":{"line":1,"column":18}},"loc":{"start":{"line":1,"column":27},"end":{"line":5,"column":1}}}},"branchMap":{"0":{"loc":{"start":{"line":1,"column":18},"end":{"line":1,"column":null}},"type":"binary-expr","locations":[{"start":{"line":1,"column":18},"end":{"line":1,"column":27}},{"start":{"line":1,"column":27},"end":{"line":1,"column":null}}]}},"s":{"0":1,"1":1,"2":1,"3":1},"f":{"0":1},"b":{"0":[1,1]}}
,"C:\\Users\\FATIMA\\Documents\\Proyectos de programación\\BOOTCAMP-FRONTEND-REACT-NTT\\src\\shared\\utils\\utils.ts": {"path":"C:\\Users\\FATIMA\\Documents\\Proyectos de programación\\BOOTCAMP-FRONTEND-REACT-NTT\\src\\shared\\utils\\utils.ts","statementMap":{"0":{"start":{"line":1,"column":0},"end":{"line":1,"column":41}},"1":{"start":{"line":3,"column":40},"end":{"line":6,"column":1}},"2":{"start":{"line":4,"column":18},"end":{"line":4,"column":47}},"3":{"start":{"line":5,"column":2},"end":{"line":5,"column":46}},"4":{"start":{"line":3,"column":13},"end":{"line":3,"column":40}},"5":{"start":{"line":8,"column":31},"end":{"line":11,"column":1}},"6":{"start":{"line":9,"column":16},"end":{"line":9,"column":49}},"7":{"start":{"line":10,"column":2},"end":{"line":10,"column":null}},"8":{"start":{"line":8,"column":13},"end":{"line":8,"column":31}},"9":{"start":{"line":13,"column":30},"end":{"line":16,"column":1}},"10":{"start":{"line":14,"column":16},"end":{"line":14,"column":49}},"11":{"start":{"line":15,"column":2},"end":{"line":15,"column":38}},"12":{"start":{"line":13,"column":13},"end":{"line":13,"column":30}}},"fnMap":{"0":{"name":"(anonymous_0)","decl":{"start":{"line":3,"column":40},"end":{"line":3,"column":41}},"loc":{"start":{"line":3,"column":75},"end":{"line":6,"column":1}}},"1":{"name":"(anonymous_1)","decl":{"start":{"line":8,"column":31},"end":{"line":8,"column":32}},"loc":{"start":{"line":8,"column":59},"end":{"line":11,"column":1}}},"2":{"name":"(anonymous_2)","decl":{"start":{"line":13,"column":30},"end":{"line":13,"column":31}},"loc":{"start":{"line":13,"column":59},"end":{"line":16,"column":1}}}},"branchMap":{},"s":{"0":1,"1":1,"2":1,"3":1,"4":1,"5":1,"6":2,"7":2,"8":1,"9":1,"10":2,"11":2,"12":1},"f":{"0":1,"1":2,"2":2},"b":{}}
}
