TN:
SF:src\components\CategoriesSelect\CategoriesSelect.tsx
FN:12,(anonymous_0)
FN:18,(anonymous_1)
FN:26,(anonymous_2)
FNF:3
FNH:3
FNDA:3,(anonymous_0)
FNDA:1,(anonymous_1)
FNDA:9,(anonymous_2)
DA:2,1
DA:3,1
DA:4,1
DA:12,1
DA:15,3
DA:16,3
DA:18,3
DA:19,1
DA:20,1
DA:21,1
DA:24,3
DA:27,9
DA:29,9
DA:44,1
LF:14
LH:14
BRF:0
BRH:0
end_of_record
TN:
SF:src\components\Footer\Footer.tsx
FN:3,(anonymous_0)
FNF:1
FNH:1
FNDA:1,(anonymous_0)
DA:1,1
DA:3,1
DA:4,1
DA:29,1
LF:4
LH:4
BRF:0
BRH:0
end_of_record
TN:
SF:src\components\Navbar\Navbar.tsx
FN:10,(anonymous_0)
FN:15,(anonymous_1)
FN:19,(anonymous_2)
FNF:3
FNH:3
FNDA:4,(anonymous_0)
FNDA:1,(anonymous_1)
FNDA:1,(anonymous_2)
DA:1,1
DA:2,1
DA:3,1
DA:4,1
DA:5,1
DA:6,1
DA:7,1
DA:8,1
DA:10,1
DA:11,4
DA:12,4
DA:13,4
DA:15,4
DA:16,1
DA:19,4
DA:20,1
DA:23,4
DA:55,1
LF:18
LH:18
BRDA:37,0,0,4
BRDA:37,0,1,1
BRF:2
BRH:2
end_of_record
TN:
SF:src\components\Search\Search.tsx
FN:9,(anonymous_0)
FN:10,(anonymous_1)
FNF:2
FNH:2
FNDA:2,(anonymous_0)
FNDA:1,(anonymous_1)
DA:2,1
DA:3,1
DA:9,1
DA:10,2
DA:11,1
DA:12,1
DA:15,2
DA:27,1
LF:8
LH:8
BRF:0
BRH:0
end_of_record
TN:
SF:src\context\cart-context.tsx
FN:9,(anonymous_0)
FN:22,(anonymous_1)
FN:30,(anonymous_2)
FNF:3
FNH:1
FNDA:0,(anonymous_0)
FNDA:4,(anonymous_1)
FNDA:0,(anonymous_2)
DA:1,1
DA:2,1
DA:4,1
DA:6,1
DA:7,1
DA:9,1
DA:10,0
DA:11,0
DA:13,0
DA:22,1
DA:23,4
DA:24,4
DA:25,0
DA:27,4
DA:30,1
DA:31,0
DA:32,0
DA:33,0
DA:35,0
DA:38,1
LF:20
LH:12
BRDA:24,0,0,0
BRDA:32,1,0,0
BRF:2
BRH:0
end_of_record
TN:
SF:src\context\cart-reducer.ts
FN:21,(anonymous_0)
FNF:1
FNH:0
FNDA:0,(anonymous_0)
DA:1,1
DA:15,1
DA:21,1
DA:25,0
DA:27,0
DA:29,0
DA:34,0
DA:39,0
DA:44,0
DA:49,0
DA:50,0
LF:11
LH:3
BRDA:25,0,0,0
BRDA:25,0,1,0
BRDA:25,0,2,0
BRDA:25,0,3,0
BRDA:25,0,4,0
BRDA:25,0,5,0
BRF:6
BRH:0
end_of_record
TN:
SF:src\domain\cart-store.ts
FN:6,(anonymous_0)
FNF:1
FNH:1
FNDA:1,(anonymous_0)
DA:6,1
DA:7,1
DA:8,1
DA:9,1
DA:10,1
DA:11,1
LF:6
LH:6
BRDA:6,0,0,1
BRDA:6,0,1,1
BRF:2
BRH:2
end_of_record
TN:
SF:src\enums\categories.ts
FN:1,(anonymous_0)
FNF:1
FNH:1
FNDA:1,(anonymous_0)
DA:1,1
DA:2,1
LF:2
LH:2
BRDA:1,0,0,1
BRDA:1,0,1,1
BRF:2
BRH:2
end_of_record
TN:
SF:src\enums\routes.ts
FN:1,(anonymous_0)
FNF:1
FNH:1
FNDA:1,(anonymous_0)
DA:1,1
DA:2,1
DA:3,1
DA:4,1
DA:5,1
LF:5
LH:5
BRDA:1,0,0,1
BRDA:1,0,1,1
BRF:2
BRH:2
end_of_record
TN:
SF:src\services\__mocks___\cartState.ts
FNF:0
FNH:0
DA:1,1
DA:7,1
LF:2
LH:2
BRF:0
BRH:0
end_of_record
TN:
SF:src\services\__mocks___\categories.ts
FNF:0
FNH:0
DA:1,3
DA:14,3
LF:2
LH:2
BRF:0
BRH:0
end_of_record
TN:
SF:src\services\__mocks___\districts.ts
FNF:0
FNH:0
DA:1,1
LF:1
LH:1
BRF:0
BRH:0
end_of_record
TN:
SF:src\services\__mocks___\login.ts
FNF:0
FNH:0
DA:1,2
LF:1
LH:1
BRF:0
BRH:0
end_of_record
TN:
SF:src\services\__mocks___\products.ts
FNF:0
FNH:0
DA:1,1
LF:1
LH:1
BRF:0
BRH:0
end_of_record
TN:
SF:src\services\__wrappers__\cart-context.tsx
FN:12,(anonymous_0)
FNF:1
FNH:1
FNDA:3,(anonymous_0)
DA:1,1
DA:4,1
DA:12,1
DA:13,3
LF:4
LH:4
BRF:0
BRH:0
end_of_record
TN:
SF:src\shared\components\Button\Button.tsx
FN:10,(anonymous_0)
FNF:1
FNH:1
FNDA:13,(anonymous_0)
DA:10,2
DA:14,13
DA:23,2
LF:3
LH:3
BRDA:16,0,0,13
BRDA:16,0,1,10
BRDA:16,1,0,10
BRDA:16,1,1,1
BRDA:17,2,0,13
BRDA:17,2,1,5
BRF:6
BRH:6
end_of_record
TN:
SF:src\shared\components\Input\Input.tsx
FN:13,(anonymous_0)
FNF:1
FNH:1
FNDA:10,(anonymous_0)
DA:13,2
DA:16,10
DA:23,10
DA:29,10
DA:48,2
LF:5
LH:5
BRDA:14,0,0,10
BRDA:16,1,0,2
BRDA:16,1,1,8
BRDA:18,2,0,1
BRDA:18,2,1,7
BRDA:25,3,0,10
BRDA:25,3,1,5
BRDA:25,4,0,5
BRDA:25,4,1,1
BRDA:31,5,0,1
BRDA:31,5,1,9
BRDA:31,6,0,10
BRDA:31,6,1,2
BRDA:38,7,0,9
BRDA:38,7,1,1
BRDA:43,8,0,10
BRDA:43,8,1,2
BRF:17
BRH:17
end_of_record
TN:
SF:src\shared\components\Select\Select.tsx
FN:21,(anonymous_0)
FN:55,(anonymous_1)
FNF:2
FNH:2
FNDA:9,(anonymous_0)
FNDA:27,(anonymous_1)
DA:2,2
DA:21,2
DA:33,9
DA:39,9
DA:41,9
DA:42,6
DA:50,9
DA:56,27
DA:69,2
LF:9
LH:9
BRDA:29,0,0,7
BRDA:33,1,0,2
BRDA:33,1,1,7
BRDA:35,2,0,1
BRDA:35,2,1,6
BRDA:41,3,0,6
BRDA:41,4,0,9
BRDA:41,4,1,6
BRDA:45,5,0,6
BRDA:45,5,1,1
BRDA:64,6,0,9
BRDA:64,6,1,2
BRF:12
BRH:12
end_of_record
TN:
SF:src\shared\components\SelectOption\SelectOption.tsx
FN:7,(anonymous_0)
FNF:1
FNH:1
FNDA:35,(anonymous_0)
DA:7,3
DA:10,35
DA:17,3
LF:3
LH:3
BRF:0
BRH:0
end_of_record
TN:
SF:src\shared\hooks\useApi\useApi.ts
FN:9,(anonymous_0)
FN:14,(anonymous_1)
FN:40,(anonymous_2)
FNF:3
FNH:3
FNDA:24,(anonymous_0)
FNDA:8,(anonymous_1)
FNDA:8,(anonymous_2)
DA:1,3
DA:9,3
DA:10,24
DA:11,24
DA:12,24
DA:14,24
DA:15,8
DA:17,8
DA:18,8
DA:27,8
DA:28,3
DA:31,5
DA:32,5
DA:34,3
DA:36,8
DA:40,24
DA:41,8
DA:44,24
LF:18
LH:18
BRDA:9,0,0,15
BRDA:19,1,0,8
BRDA:19,1,1,5
BRDA:24,2,0,3
BRDA:24,2,1,5
BRDA:27,3,0,3
BRF:6
BRH:6
end_of_record
TN:
SF:src\shared\hooks\useJson\useJson.ts
FN:3,(anonymous_0)
FN:8,(anonymous_1)
FN:27,(anonymous_2)
FNF:3
FNH:3
FNDA:6,(anonymous_0)
FNDA:2,(anonymous_1)
FNDA:2,(anonymous_2)
DA:1,1
DA:3,1
DA:4,6
DA:5,6
DA:6,6
DA:8,6
DA:9,2
DA:11,2
DA:12,2
DA:14,2
DA:15,1
DA:18,1
DA:19,1
DA:21,1
DA:23,2
DA:27,6
DA:28,2
DA:31,6
LF:18
LH:18
BRDA:14,0,0,1
BRF:1
BRH:1
end_of_record
TN:
SF:src\shared\hooks\useLocalStorage\useLocalStorage.ts
FN:3,(anonymous_0)
FN:4,(anonymous_1)
FN:9,(anonymous_2)
FNF:3
FNH:3
FNDA:3,(anonymous_0)
FNDA:2,(anonymous_1)
FNDA:3,(anonymous_2)
DA:1,2
DA:3,2
DA:4,3
DA:5,2
DA:6,2
DA:9,3
DA:10,3
DA:13,3
LF:8
LH:8
BRDA:6,0,0,1
BRDA:6,0,1,1
BRF:2
BRH:2
end_of_record
TN:
SF:src\shared\hooks\useModal\useModal.ts
FN:3,(anonymous_0)
FN:6,(anonymous_1)
FN:10,(anonymous_2)
FN:14,(anonymous_3)
FNF:4
FNH:4
FNDA:8,(anonymous_0)
FNDA:2,(anonymous_1)
FNDA:1,(anonymous_2)
FNDA:2,(anonymous_3)
DA:1,1
DA:3,1
DA:4,8
DA:6,8
DA:7,2
DA:10,8
DA:11,1
DA:14,8
DA:15,2
DA:18,8
LF:10
LH:10
BRF:0
BRH:0
end_of_record
TN:
SF:src\shared\utils\regex-enum.ts
FN:1,(anonymous_0)
FNF:1
FNH:1
FNDA:1,(anonymous_0)
DA:1,1
DA:2,1
DA:3,1
DA:4,1
LF:4
LH:4
BRDA:1,0,0,1
BRDA:1,0,1,1
BRF:2
BRH:2
end_of_record
TN:
SF:src\shared\utils\utils.ts
FN:3,(anonymous_0)
FN:8,(anonymous_1)
FN:13,(anonymous_2)
FNF:3
FNH:3
FNDA:1,(anonymous_0)
FNDA:2,(anonymous_1)
FNDA:2,(anonymous_2)
DA:1,1
DA:3,1
DA:4,1
DA:5,1
DA:8,1
DA:9,2
DA:10,2
DA:13,1
DA:14,2
DA:15,2
LF:10
LH:10
BRF:0
BRH:0
end_of_record
