TN:
SF:src/App.tsx
FN:14,(anonymous_0)
FN:20,(anonymous_1)
FNF:2
FNH:2
FNDA:1,(anonymous_0)
FNDA:1,(anonymous_1)
DA:1,1
DA:2,1
DA:3,1
DA:4,1
DA:5,1
DA:6,1
DA:8,1
DA:9,1
DA:10,1
DA:11,1
DA:14,1
DA:15,1
DA:16,1
DA:17,1
DA:18,1
DA:20,1
DA:21,1
DA:23,1
DA:26,1
DA:37,1
LF:20
LH:20
BRF:0
BRH:0
end_of_record
TN:
SF:src/assets/images/add-products.png
FNF:0
FNH:0
DA:1,3
LF:1
LH:1
BRF:0
BRH:0
end_of_record
TN:
SF:src/assets/images/confirm-alert.png
FNF:0
FNH:0
DA:1,3
LF:1
LH:1
BRF:0
BRH:0
end_of_record
TN:
SF:src/components/CartProductCart/CartProductCard.tsx
FN:9,(anonymous_0)
FNF:1
FNH:1
FNDA:7,(anonymous_0)
DA:3,4
DA:9,4
DA:10,7
DA:22,4
LF:4
LH:4
BRF:0
BRH:0
end_of_record
TN:
SF:src/components/CartProductsTable/CartProductsTable.tsx
FN:7,(anonymous_0)
FN:26,(anonymous_1)
FNF:2
FNH:2
FNDA:3,(anonymous_0)
FNDA:3,(anonymous_1)
DA:2,3
DA:3,3
DA:4,3
DA:5,3
DA:7,3
DA:8,3
DA:10,3
DA:27,3
DA:46,3
LF:9
LH:9
BRDA:25,0,0,3
BRDA:25,0,1,1
BRDA:31,1,0,1
BRDA:31,1,1,2
BRF:4
BRH:4
end_of_record
TN:
SF:src/components/CategoriesSelect/CategoriesSelect.tsx
FN:13,(anonymous_0)
FN:19,(anonymous_1)
FN:27,(anonymous_2)
FNF:3
FNH:3
FNDA:14,(anonymous_0)
FNDA:4,(anonymous_1)
FNDA:42,(anonymous_2)
DA:2,4
DA:3,4
DA:4,4
DA:5,4
DA:13,4
DA:16,14
DA:17,14
DA:19,14
DA:20,4
DA:21,4
DA:22,4
DA:25,14
DA:28,42
DA:30,42
DA:45,4
LF:15
LH:15
BRF:0
BRH:0
end_of_record
TN:
SF:src/components/Footer/Footer.tsx
FN:3,(anonymous_0)
FNF:1
FNH:1
FNDA:11,(anonymous_0)
DA:1,5
DA:3,5
DA:4,11
DA:29,5
LF:4
LH:4
BRF:0
BRH:0
end_of_record
TN:
SF:src/components/Modal/Modal.tsx
FN:14,(anonymous_0)
FN:19,(anonymous_1)
FN:33,(anonymous_2)
FNF:3
FNH:3
FNDA:4,(anonymous_0)
FNDA:1,(anonymous_1)
FNDA:6,(anonymous_2)
DA:2,3
DA:3,3
DA:4,3
DA:5,3
DA:6,3
DA:7,3
DA:8,3
DA:14,3
DA:15,4
DA:16,4
DA:17,4
DA:19,4
DA:20,1
DA:21,1
DA:22,1
DA:23,1
DA:26,4
DA:34,6
DA:44,3
LF:19
LH:19
BRF:0
BRH:0
end_of_record
TN:
SF:src/components/Navbar/Navbar.tsx
FN:13,(anonymous_0)
FN:20,(anonymous_1)
FN:24,(anonymous_2)
FN:28,(anonymous_3)
FNF:4
FNH:4
FNDA:15,(anonymous_0)
FNDA:1,(anonymous_1)
FNDA:1,(anonymous_2)
FNDA:1,(anonymous_3)
DA:1,5
DA:2,5
DA:3,5
DA:4,5
DA:5,5
DA:6,5
DA:7,5
DA:8,5
DA:9,5
DA:10,5
DA:11,5
DA:13,5
DA:14,15
DA:15,15
DA:16,15
DA:17,15
DA:18,15
DA:20,15
DA:21,1
DA:24,15
DA:25,1
DA:28,15
DA:29,1
DA:30,1
DA:33,15
DA:73,5
LF:26
LH:26
BRDA:47,0,0,15
BRDA:47,0,1,1
BRF:2
BRH:2
end_of_record
TN:
SF:src/components/ProductCard/ProductCard.tsx
FN:14,(anonymous_0)
FN:26,(anonymous_1)
FN:30,(anonymous_2)
FNF:3
FNH:2
FNDA:52,(anonymous_0)
FNDA:1,(anonymous_1)
FNDA:0,(anonymous_2)
DA:1,5
DA:3,5
DA:4,5
DA:5,5
DA:6,5
DA:7,5
DA:8,5
DA:14,5
DA:15,52
DA:16,52
DA:17,52
DA:24,52
DA:26,52
DA:27,1
DA:30,52
DA:31,0
DA:34,52
DA:51,5
LF:18
LH:17
BRDA:24,0,0,52
BRDA:24,0,1,0
BRF:2
BRH:1
end_of_record
TN:
SF:src/components/ProductsList/ProductsList.tsx
FN:15,(anonymous_0)
FN:36,(anonymous_1)
FNF:2
FNH:2
FNDA:11,(anonymous_0)
FNDA:50,(anonymous_1)
DA:1,4
DA:4,4
DA:5,4
DA:6,4
DA:7,4
DA:8,4
DA:15,4
DA:16,11
DA:17,11
DA:18,11
DA:19,11
DA:21,11
DA:37,50
DA:54,4
LF:14
LH:14
BRDA:23,0,0,11
BRDA:23,0,1,1
BRDA:29,1,0,1
BRDA:29,1,1,10
BRDA:29,2,0,11
BRDA:29,2,1,1
BRDA:40,3,0,9
BRDA:40,3,1,2
BRDA:40,4,0,11
BRDA:40,4,1,10
BRF:10
BRH:10
end_of_record
TN:
SF:src/components/ResetModal/ResetModal.tsx
FN:14,(anonymous_0)
FN:19,(anonymous_1)
FN:31,(anonymous_2)
FNF:3
FNH:3
FNDA:17,(anonymous_0)
FNDA:2,(anonymous_1)
FNDA:2,(anonymous_2)
DA:1,3
DA:2,3
DA:3,3
DA:4,3
DA:5,3
DA:6,3
DA:7,3
DA:8,3
DA:14,3
DA:15,17
DA:16,17
DA:17,17
DA:19,17
DA:20,2
DA:21,2
DA:22,2
DA:23,0
DA:24,2
DA:25,1
DA:27,1
DA:31,17
DA:32,2
DA:34,2
DA:35,1
DA:38,2
DA:39,1
DA:40,1
DA:53,17
DA:77,3
LF:29
LH:28
BRDA:22,0,0,0
BRDA:22,0,1,2
BRDA:24,1,0,1
BRDA:24,1,1,1
BRDA:34,2,0,1
BRDA:34,3,0,2
BRDA:34,3,1,1
BRDA:38,4,0,1
BRDA:38,5,0,2
BRDA:38,5,1,2
BRF:10
BRH:9
end_of_record
TN:
SF:src/components/Search/Search.tsx
FN:10,(anonymous_0)
FN:11,(anonymous_1)
FNF:2
FNH:2
FNDA:10,(anonymous_0)
FNDA:2,(anonymous_1)
DA:2,4
DA:3,4
DA:4,4
DA:10,4
DA:11,10
DA:12,2
DA:13,2
DA:16,10
DA:28,4
LF:9
LH:9
BRF:0
BRH:0
end_of_record
TN:
SF:src/components/ShippingForm/ShippingForm.tsx
FN:15,(anonymous_0)
FN:30,(anonymous_1)
FN:67,(anonymous_2)
FN:73,(anonymous_3)
FN:123,(anonymous_4)
FNF:5
FNH:5
FNDA:31,(anonymous_0)
FNDA:15,(anonymous_1)
FNDA:5,(anonymous_2)
FNDA:30,(anonymous_3)
FNDA:81,(anonymous_4)
DA:1,3
DA:2,3
DA:3,3
DA:5,3
DA:6,3
DA:7,3
DA:8,3
DA:9,3
DA:15,3
DA:16,31
DA:17,31
DA:18,31
DA:19,31
DA:20,31
DA:21,31
DA:30,31
DA:31,15
DA:32,15
DA:34,15
DA:35,15
DA:37,15
DA:38,1
DA:39,1
DA:41,14
DA:42,5
DA:43,1
DA:44,1
DA:46,4
DA:47,4
DA:49,9
DA:50,3
DA:51,1
DA:52,1
DA:54,2
DA:55,2
DA:58,6
DA:59,6
DA:63,15
DA:64,15
DA:67,31
DA:68,5
DA:70,5
DA:71,5
DA:73,5
DA:74,30
DA:75,16
DA:76,16
DA:80,5
DA:81,5
DA:83,5
DA:84,2
DA:85,1
DA:87,1
DA:88,1
DA:89,1
DA:94,31
DA:123,81
DA:180,3
LF:58
LH:58
BRDA:37,0,0,1
BRDA:37,0,1,14
BRDA:37,1,0,15
BRDA:37,1,1,15
BRDA:41,2,0,5
BRDA:41,2,1,9
BRDA:41,3,0,14
BRDA:41,3,1,11
BRDA:42,4,0,1
BRDA:42,4,1,4
BRDA:49,5,0,3
BRDA:49,5,1,6
BRDA:50,6,0,1
BRDA:50,6,1,2
BRDA:74,7,0,16
BRDA:83,8,0,2
BRDA:84,9,0,1
BRDA:84,9,1,1
BRDA:174,10,0,31
BRDA:174,10,1,1
BRF:20
BRH:20
end_of_record
TN:
SF:src/components/TableRow/TableRow.tsx
FN:17,(anonymous_0)
FN:24,(anonymous_1)
FN:29,(anonymous_2)
FN:33,(anonymous_3)
FN:38,(anonymous_4)
FN:43,(anonymous_5)
FNF:6
FNH:5
FNDA:14,(anonymous_0)
FNDA:7,(anonymous_1)
FNDA:1,(anonymous_2)
FNDA:1,(anonymous_3)
FNDA:1,(anonymous_4)
FNDA:0,(anonymous_5)
DA:1,4
DA:2,4
DA:3,4
DA:4,4
DA:6,4
DA:7,4
DA:8,4
DA:9,4
DA:10,4
DA:11,4
DA:17,4
DA:18,14
DA:19,14
DA:20,14
DA:21,14
DA:22,14
DA:24,14
DA:25,7
DA:26,7
DA:29,14
DA:30,1
DA:33,14
DA:34,1
DA:35,1
DA:38,14
DA:39,1
DA:40,1
DA:43,14
DA:44,0
DA:47,14
DA:85,4
LF:31
LH:30
BRDA:22,0,0,14
BRDA:22,0,1,0
BRDA:60,1,0,2
BRDA:60,1,1,12
BRF:4
BRH:3
end_of_record
TN:
SF:src/context/cart/cart-context.tsx
FN:9,(anonymous_0)
FN:22,(anonymous_1)
FN:30,(anonymous_2)
FNF:3
FNH:3
FNDA:1,(anonymous_0)
FNDA:125,(anonymous_1)
FNDA:74,(anonymous_2)
DA:1,13
DA:2,13
DA:4,13
DA:6,13
DA:7,13
DA:9,13
DA:10,1
DA:11,1
DA:13,1
DA:22,13
DA:23,125
DA:24,125
DA:25,4
DA:27,121
DA:30,13
DA:31,74
DA:32,74
DA:33,4
DA:35,70
DA:38,13
LF:20
LH:20
BRDA:24,0,0,4
BRDA:32,1,0,4
BRF:2
BRH:2
end_of_record
TN:
SF:src/context/cart/cart-reducer.ts
FN:21,(anonymous_0)
FNF:1
FNH:1
FNDA:6,(anonymous_0)
DA:1,14
DA:15,14
DA:21,14
DA:25,6
DA:27,1
DA:29,1
DA:34,1
DA:39,1
DA:44,1
DA:49,1
DA:50,1
LF:11
LH:11
BRDA:25,0,0,1
BRDA:25,0,1,1
BRDA:25,0,2,1
BRDA:25,0,3,1
BRDA:25,0,4,1
BRDA:25,0,5,1
BRF:6
BRH:6
end_of_record
TN:
SF:src/context/cart/cart-utils.ts
FN:5,(anonymous_0)
FN:32,(anonymous_1)
FN:39,(anonymous_2)
FN:50,(anonymous_3)
FN:57,(anonymous_4)
FN:60,(anonymous_5)
FN:67,(anonymous_6)
FNF:7
FNH:7
FNDA:5,(anonymous_0)
FNDA:2,(anonymous_1)
FNDA:1,(anonymous_2)
FNDA:1,(anonymous_3)
FNDA:1,(anonymous_4)
FNDA:2,(anonymous_5)
FNDA:1,(anonymous_6)
DA:2,7
DA:3,7
DA:5,7
DA:13,5
DA:14,5
DA:16,5
DA:17,3
DA:18,3
DA:19,2
DA:20,2
DA:21,2
DA:22,2
DA:25,5
DA:26,5
DA:27,5
DA:29,5
DA:32,7
DA:39,2
DA:41,2
DA:42,1
DA:43,1
DA:45,1
DA:46,1
DA:50,7
DA:57,1
DA:59,1
DA:60,2
DA:61,1
DA:62,1
DA:63,1
DA:67,7
DA:68,1
LF:32
LH:32
BRDA:16,0,0,3
BRDA:16,0,1,2
BRDA:19,1,0,2
BRDA:21,2,0,1
BRDA:21,2,1,1
BRDA:41,3,0,1
BRDA:41,3,1,1
BRDA:59,4,0,1
BRF:8
BRH:8
end_of_record
TN:
SF:src/context/home/home-reducer.ts
FN:25,(anonymous_0)
FNF:1
FNH:1
FNDA:6,(anonymous_0)
DA:1,4
DA:17,4
DA:25,4
DA:29,6
DA:31,1
DA:36,1
DA:41,1
DA:46,1
DA:51,1
DA:56,1
DA:57,1
LF:11
LH:11
BRDA:29,0,0,1
BRDA:29,0,1,1
BRDA:29,0,2,1
BRDA:29,0,3,1
BRDA:29,0,4,1
BRDA:29,0,5,1
BRF:6
BRH:6
end_of_record
TN:
SF:src/context/user/user-context.tsx
FN:10,(anonymous_0)
FN:23,(anonymous_1)
FN:31,(anonymous_2)
FNF:3
FNH:3
FNDA:1,(anonymous_0)
FNDA:28,(anonymous_1)
FNDA:30,(anonymous_2)
DA:3,8
DA:4,8
DA:5,8
DA:7,8
DA:8,8
DA:10,8
DA:11,1
DA:12,1
DA:14,1
DA:23,8
DA:24,28
DA:25,28
DA:26,4
DA:28,24
DA:31,8
DA:32,30
DA:33,30
DA:34,4
DA:36,26
DA:39,8
LF:20
LH:20
BRDA:12,0,0,1
BRDA:12,0,1,0
BRDA:25,1,0,4
BRDA:33,2,0,4
BRF:4
BRH:3
end_of_record
TN:
SF:src/context/user/user-reducer.ts
FN:17,(anonymous_0)
FNF:1
FNH:1
FNDA:3,(anonymous_0)
DA:2,9
DA:9,9
DA:17,9
DA:21,3
DA:23,1
DA:31,1
DA:33,1
DA:34,1
LF:8
LH:8
BRDA:21,0,0,1
BRDA:21,0,1,1
BRDA:21,0,2,1
BRF:3
BRH:3
end_of_record
TN:
SF:src/domain/cart-store.ts
FN:6,(anonymous_0)
FNF:1
FNH:1
FNDA:15,(anonymous_0)
DA:6,15
DA:7,15
DA:8,15
DA:9,15
DA:10,15
DA:11,15
LF:6
LH:6
BRDA:6,0,0,15
BRDA:6,0,1,15
BRF:2
BRH:2
end_of_record
TN:
SF:src/domain/home-actions.ts
FN:1,(anonymous_0)
FNF:1
FNH:1
FNDA:4,(anonymous_0)
DA:1,4
DA:2,4
DA:3,4
DA:4,4
DA:5,4
DA:6,4
LF:6
LH:6
BRDA:1,0,0,4
BRDA:1,0,1,4
BRF:2
BRH:2
end_of_record
TN:
SF:src/domain/user-store.ts
FN:6,(anonymous_0)
FNF:1
FNH:1
FNDA:9,(anonymous_0)
DA:6,9
DA:7,9
DA:8,9
LF:3
LH:3
BRDA:6,0,0,9
BRDA:6,0,1,9
BRF:2
BRH:2
end_of_record
TN:
SF:src/enums/categories.ts
FN:1,(anonymous_0)
FNF:1
FNH:1
FNDA:4,(anonymous_0)
DA:1,4
DA:2,4
LF:2
LH:2
BRDA:1,0,0,4
BRDA:1,0,1,4
BRF:2
BRH:2
end_of_record
TN:
SF:src/enums/function-actions.ts
FN:1,(anonymous_0)
FNF:1
FNH:1
FNDA:8,(anonymous_0)
DA:1,8
DA:2,8
DA:3,8
LF:3
LH:3
BRDA:1,0,0,8
BRDA:1,0,1,8
BRF:2
BRH:2
end_of_record
TN:
SF:src/enums/routes.ts
FN:1,(anonymous_0)
FNF:1
FNH:1
FNDA:7,(anonymous_0)
DA:1,7
DA:2,7
DA:3,7
DA:4,7
DA:5,7
LF:5
LH:5
BRDA:1,0,0,7
BRDA:1,0,1,7
BRF:2
BRH:2
end_of_record
TN:
SF:src/hoc/withAuth.tsx
FN:6,(anonymous_0)
FN:7,(anonymous_1)
FNF:2
FNH:2
FNDA:6,(anonymous_0)
FNDA:7,(anonymous_1)
DA:1,4
DA:2,4
DA:4,4
DA:6,4
DA:7,6
DA:8,7
DA:10,7
DA:18,4
LF:8
LH:8
BRDA:10,0,0,6
BRDA:10,0,1,1
BRF:2
BRH:2
end_of_record
TN:
SF:src/pages/Home/Home.tsx
FN:15,(anonymous_0)
FN:21,(anonymous_1)
FN:29,(anonymous_2)
FN:40,filterByCategory
FN:46,(anonymous_4)
FN:52,filterBySearch
FN:53,(anonymous_6)
FNF:7
FNH:6
FNDA:8,(anonymous_0)
FNDA:4,(anonymous_1)
FNDA:0,(anonymous_2)
FNDA:3,filterByCategory
FNDA:10,(anonymous_4)
FNDA:1,filterBySearch
FNDA:5,(anonymous_6)
DA:1,3
DA:2,3
DA:3,3
DA:4,3
DA:6,3
DA:7,3
DA:8,3
DA:9,3
DA:10,3
DA:11,3
DA:12,3
DA:13,3
DA:15,3
DA:16,8
DA:17,8
DA:18,8
DA:19,8
DA:21,8
DA:22,4
DA:23,0
DA:24,0
DA:25,0
DA:26,0
DA:28,0
DA:29,0
DA:32,0
DA:35,4
DA:36,0
DA:41,3
DA:42,3
DA:44,3
DA:46,10
DA:48,3
DA:49,3
DA:53,1
DA:54,5
DA:55,5
DA:58,1
DA:61,8
DA:80,3
LF:40
LH:32
BRDA:22,0,0,0
BRDA:35,1,0,0
BRDA:44,2,0,1
BRDA:44,2,1,2
BRF:4
BRH:2
end_of_record
TN:
SF:src/pages/Login/Login.tsx
FN:15,(anonymous_0)
FN:32,(anonymous_1)
FN:44,(anonymous_2)
FN:59,(anonymous_3)
FN:64,(anonymous_4)
FNF:5
FNH:5
FNDA:11,(anonymous_0)
FNDA:9,(anonymous_1)
FNDA:3,(anonymous_2)
FNDA:2,(anonymous_3)
FNDA:4,(anonymous_4)
DA:1,2
DA:2,2
DA:3,2
DA:5,2
DA:6,2
DA:7,2
DA:8,2
DA:9,2
DA:10,2
DA:11,2
DA:12,2
DA:13,2
DA:15,2
DA:16,11
DA:17,11
DA:21,11
DA:22,11
DA:24,11
DA:28,11
DA:29,11
DA:30,11
DA:32,11
DA:33,9
DA:34,8
DA:35,7
DA:36,7
DA:38,8
DA:39,0
DA:44,11
DA:45,3
DA:46,3
DA:48,3
DA:50,3
DA:51,1
DA:53,2
DA:56,3
DA:59,11
DA:60,2
DA:62,2
DA:64,2
DA:65,4
DA:66,2
DA:70,2
DA:71,2
DA:73,2
DA:74,1
DA:78,11
DA:117,2
LF:48
LH:47
BRDA:25,0,0,1
BRDA:25,0,1,10
BRDA:33,1,0,8
BRDA:34,2,0,7
BRDA:38,3,0,0
BRDA:50,4,0,1
BRDA:50,4,1,2
BRDA:50,5,0,3
BRDA:50,5,1,3
BRDA:65,6,0,2
BRDA:73,7,0,1
BRDA:110,8,0,11
BRDA:110,8,1,1
BRDA:111,9,0,1
BRDA:111,9,1,10
BRDA:111,10,0,11
BRDA:111,10,1,2
BRDA:111,10,2,2
BRDA:112,11,0,11
BRDA:112,11,1,10
BRF:20
BRH:19
end_of_record
TN:
SF:src/pages/OrderSummary/OrderSummary.tsx
FN:10,(anonymous_0)
FNF:1
FNH:1
FNDA:2,(anonymous_0)
DA:2,2
DA:3,2
DA:4,2
DA:5,2
DA:6,2
DA:7,2
DA:8,2
DA:10,2
DA:11,2
DA:13,2
DA:26,2
LF:11
LH:11
BRDA:19,0,0,2
BRDA:19,0,1,2
BRF:2
BRH:2
end_of_record
TN:
SF:src/shared/components/Button/Button.tsx
FN:10,(anonymous_0)
FNF:1
FNH:1
FNDA:253,(anonymous_0)
DA:10,14
DA:14,253
DA:23,14
LF:3
LH:3
BRDA:16,0,0,253
BRDA:16,0,1,89
BRDA:16,1,0,89
BRDA:16,1,1,1
BRDA:17,2,0,253
BRDA:17,2,1,170
BRF:6
BRH:6
end_of_record
TN:
SF:src/shared/components/Input/Input.tsx
FN:13,(anonymous_0)
FNF:1
FNH:1
FNDA:212,(anonymous_0)
DA:13,9
DA:16,212
DA:23,212
DA:29,212
DA:48,9
LF:5
LH:5
BRDA:14,0,0,212
BRDA:16,1,0,25
BRDA:16,1,1,187
BRDA:18,2,0,45
BRDA:18,2,1,142
BRDA:25,3,0,212
BRDA:25,3,1,13
BRDA:25,4,0,13
BRDA:25,4,1,1
BRDA:31,5,0,1
BRDA:31,5,1,211
BRDA:31,6,0,212
BRDA:31,6,1,196
BRDA:38,7,0,211
BRDA:38,7,1,195
BRDA:43,8,0,212
BRDA:43,8,1,25
BRF:17
BRH:17
end_of_record
TN:
SF:src/shared/components/Select/Select.tsx
FN:21,(anonymous_0)
FN:55,(anonymous_1)
FNF:2
FNH:2
FNDA:51,(anonymous_0)
FNDA:141,(anonymous_1)
DA:2,7
DA:21,7
DA:33,51
DA:39,51
DA:41,51
DA:42,48
DA:50,51
DA:56,141
DA:69,7
LF:9
LH:9
BRDA:29,0,0,18
BRDA:33,1,0,5
BRDA:33,1,1,46
BRDA:35,2,0,11
BRDA:35,2,1,35
BRDA:41,3,0,48
BRDA:41,4,0,51
BRDA:41,4,1,37
BRDA:45,5,0,48
BRDA:45,5,1,1
BRDA:64,6,0,51
BRDA:64,6,1,5
BRF:12
BRH:12
end_of_record
TN:
SF:src/shared/components/SelectOption/SelectOption.tsx
FN:7,(anonymous_0)
FNF:1
FNH:1
FNDA:191,(anonymous_0)
DA:7,8
DA:10,191
DA:17,8
LF:3
LH:3
BRF:0
BRH:0
end_of_record
TN:
SF:src/shared/hooks/useApi/useApi.ts
FN:9,(anonymous_0)
FN:14,(anonymous_1)
FN:40,(anonymous_2)
FNF:3
FNH:3
FNDA:41,(anonymous_0)
FNDA:16,(anonymous_1)
FNDA:17,(anonymous_2)
DA:1,7
DA:9,7
DA:10,41
DA:11,41
DA:12,41
DA:14,41
DA:15,16
DA:17,16
DA:18,16
DA:27,8
DA:28,3
DA:31,5
DA:32,5
DA:34,11
DA:36,16
DA:40,41
DA:41,17
DA:42,16
DA:46,41
LF:19
LH:19
BRDA:9,0,0,31
BRDA:19,1,0,8
BRDA:19,1,1,5
BRDA:24,2,0,3
BRDA:24,2,1,5
BRDA:27,3,0,3
BRDA:41,4,0,16
BRF:7
BRH:7
end_of_record
TN:
SF:src/shared/hooks/useJson/useJson.ts
FN:3,(anonymous_0)
FN:8,(anonymous_1)
FN:27,(anonymous_2)
FNF:3
FNH:3
FNDA:10,(anonymous_0)
FNDA:4,(anonymous_1)
FNDA:4,(anonymous_2)
DA:1,3
DA:3,3
DA:4,10
DA:5,10
DA:6,10
DA:8,10
DA:9,4
DA:11,4
DA:12,4
DA:14,2
DA:15,1
DA:18,1
DA:19,1
DA:21,3
DA:23,4
DA:27,10
DA:28,4
DA:31,10
LF:18
LH:18
BRDA:14,0,0,1
BRF:1
BRH:1
end_of_record
TN:
SF:src/shared/hooks/useLocalStorage/useLocalStorage.ts
FN:3,(anonymous_0)
FN:4,(anonymous_1)
FN:9,(anonymous_2)
FNF:3
FNH:3
FNDA:7,(anonymous_0)
FNDA:6,(anonymous_1)
FNDA:7,(anonymous_2)
DA:1,17
DA:3,17
DA:4,7
DA:5,6
DA:6,6
DA:9,7
DA:10,7
DA:13,7
LF:8
LH:8
BRDA:6,0,0,1
BRDA:6,0,1,5
BRF:2
BRH:2
end_of_record
TN:
SF:src/shared/hooks/useModal/useModal.ts
FN:3,(anonymous_0)
FN:6,(anonymous_1)
FN:10,(anonymous_2)
FN:14,(anonymous_3)
FNF:4
FNH:4
FNDA:9,(anonymous_0)
FNDA:2,(anonymous_1)
FNDA:1,(anonymous_2)
FNDA:2,(anonymous_3)
DA:1,2
DA:3,2
DA:4,9
DA:6,9
DA:7,2
DA:10,9
DA:11,1
DA:14,9
DA:15,2
DA:18,9
LF:10
LH:10
BRF:0
BRH:0
end_of_record
TN:
SF:src/shared/hooks/usePagination/usePagination.ts
FN:3,(anonymous_0)
FN:9,(anonymous_1)
FN:10,(anonymous_2)
FN:15,(anonymous_3)
FN:16,(anonymous_4)
FNF:5
FNH:5
FNDA:15,(anonymous_0)
FNDA:2,(anonymous_1)
FNDA:2,(anonymous_2)
FNDA:1,(anonymous_3)
FNDA:1,(anonymous_4)
DA:1,5
DA:3,5
DA:4,15
DA:5,15
DA:6,15
DA:7,15
DA:9,15
DA:10,2
DA:11,2
DA:15,15
DA:16,1
DA:17,1
DA:21,15
LF:13
LH:13
BRF:0
BRH:0
end_of_record
TN:
SF:src/shared/utils/regex-enum.ts
FN:1,(anonymous_0)
FNF:1
FNH:1
FNDA:10,(anonymous_0)
DA:1,10
DA:2,10
DA:3,10
DA:4,10
DA:5,10
LF:5
LH:5
BRDA:1,0,0,10
BRDA:1,0,1,10
BRF:2
BRH:2
end_of_record
TN:
SF:src/shared/utils/utils.ts
FN:3,(anonymous_0)
FN:8,(anonymous_1)
FN:13,(anonymous_2)
FN:18,(anonymous_3)
FNF:4
FNH:4
FNDA:53,(anonymous_0)
FNDA:7,(anonymous_1)
FNDA:5,(anonymous_2)
FNDA:4,(anonymous_3)
DA:1,10
DA:3,10
DA:4,53
DA:5,53
DA:8,10
DA:9,7
DA:10,7
DA:13,10
DA:14,5
DA:15,5
DA:18,10
DA:19,4
DA:20,4
LF:13
LH:13
BRF:0
BRH:0
end_of_record
TN:
SF:src/test-utils/__mocks___/cartProduct.ts
FNF:0
FNH:0
DA:1,3
LF:1
LH:1
BRF:0
BRH:0
end_of_record
TN:
SF:src/test-utils/__mocks___/cartState.ts
FNF:0
FNH:0
DA:1,12
DA:7,12
LF:2
LH:2
BRF:0
BRH:0
end_of_record
TN:
SF:src/test-utils/__mocks___/categories.ts
FNF:0
FNH:0
DA:1,5
DA:14,5
LF:2
LH:2
BRF:0
BRH:0
end_of_record
TN:
SF:src/test-utils/__mocks___/districts.ts
FNF:0
FNH:0
DA:1,1
LF:1
LH:1
BRF:0
BRH:0
end_of_record
TN:
SF:src/test-utils/__mocks___/login.ts
FNF:0
FNH:0
DA:1,10
DA:8,10
LF:2
LH:2
BRF:0
BRH:0
end_of_record
TN:
SF:src/test-utils/__mocks___/product.ts
FNF:0
FNH:0
DA:1,2
LF:1
LH:1
BRF:0
BRH:0
end_of_record
TN:
SF:src/test-utils/__mocks___/products.ts
FNF:0
FNH:0
DA:1,5
DA:59,5
LF:2
LH:2
BRF:0
BRH:0
end_of_record
TN:
SF:src/test-utils/__wrappers__/cart-context.tsx
FN:12,(anonymous_0)
FNF:1
FNH:1
FNDA:20,(anonymous_0)
DA:1,7
DA:4,7
DA:12,7
DA:16,20
LF:4
LH:4
BRF:0
BRH:0
end_of_record
TN:
SF:src/test-utils/__wrappers__/contexts.tsx
FN:17,(anonymous_0)
FNF:1
FNH:1
FNDA:11,(anonymous_0)
DA:1,4
DA:3,4
DA:7,4
DA:17,4
DA:21,11
LF:5
LH:5
BRF:0
BRH:0
end_of_record
TN:
SF:src/test-utils/__wrappers__/user-context.tsx
FN:12,(anonymous_0)
FNF:1
FNH:1
FNDA:9,(anonymous_0)
DA:1,2
DA:4,2
DA:12,2
DA:16,9
LF:4
LH:4
BRF:0
BRH:0
end_of_record
